# JRE version: Java(TM) SE Runtime Environment (8.0_121-b13) (build 1.8.0_121-b13)
# Java VM: Java HotSpot(TM) 64-Bit Server VM (25.121-b13 mixed mode windows-amd64 compressed oops)
Heap:
 PSYoungGen      total 143872K, used 77121K [0x00000000f2000000, 0x00000000fdd80000, 0x0000000100000000)
  eden space 97792K, 50% used [0x00000000f2000000,0x00000000f4fe6b60,0x00000000f7f80000)
  from space 46080K, 60% used [0x00000000fb080000,0x00000000fcbe9900,0x00000000fdd80000)
  to   space 47616K, 0% used [0x00000000f7f80000,0x00000000f7f80000,0x00000000fae00000)
 ParOldGen       total 177152K, used 126864K [0x00000000d6000000, 0x00000000e0d00000, 0x00000000f2000000)
  object space 177152K, 71% used [0x00000000d6000000,0x00000000ddbe4160,0x00000000e0d00000)
 Metaspace       used 16055K, capacity 16572K, committed 16768K, reserved 1062912K
  class space    used 2216K, capacity 2355K, committed 2432K, reserved 1048576K
GC Heap History (10 events):
Event: 175.312 GC heap before
{Heap before GC invocations=97 (full 11):
 PSYoungGen      total 145408K, used 117136K [0x00000000f2000000, 0x00000000fdd80000, 0x0000000100000000)
  eden space 97792K, 100% used [0x00000000f2000000,0x00000000f7f80000,0x00000000f7f80000)
  from space 47616K, 40% used [0x00000000f7f80000,0x00000000f9264100,0x00000000fae00000)
  to   space 46080K, 0% used [0x00000000fb080000,0x00000000fb080000,0x00000000fdd80000)
 ParOldGen       total 177152K, used 126786K [0x00000000d6000000, 0x00000000e0d00000, 0x00000000f2000000)
  object space 177152K, 71% used [0x00000000d6000000,0x00000000ddbd0ab0,0x00000000e0d00000)
 Metaspace       used 15971K, capacity 16508K, committed 16768K, reserved 1062912K
  class space    used 2214K, capacity 2355K, committed 2432K, reserved 1048576K
Event: 175.319 GC heap after
Heap after GC invocations=97 (full 11):
 PSYoungGen      total 143872K, used 19945K [0x00000000f2000000, 0x00000000fdd80000, 0x0000000100000000)
  eden space 97792K, 0% used [0x00000000f2000000,0x00000000f2000000,0x00000000f7f80000)
  from space 46080K, 43% used [0x00000000fb080000,0x00000000fc3fa600,0x00000000fdd80000)
  to   space 47616K, 0% used [0x00000000f7f80000,0x00000000f7f80000,0x00000000fae00000)
 ParOldGen       total 177152K, used 126799K [0x00000000d6000000, 0x00000000e0d00000, 0x00000000f2000000)
  object space 177152K, 71% used [0x00000000d6000000,0x00000000ddbd3e78,0x00000000e0d00000)
 Metaspace       used 15971K, capacity 16508K, committed 16768K, reserved 1062912K
  class space    used 2214K, capacity 2355K, committed 2432K, reserved 1048576K
}
Event: 175.926 GC heap before
{Heap before GC invocations=98 (full 11):
 PSYoungGen      total 143872K, used 117737K [0x00000000f2000000, 0x00000000fdd80000, 0x0000000100000000)
  eden space 97792K, 100% used [0x00000000f2000000,0x00000000f7f80000,0x00000000f7f80000)
  from space 46080K, 43% used [0x00000000fb080000,0x00000000fc3fa600,0x00000000fdd80000)
  to   space 47616K, 0% used [0x00000000f7f80000,0x00000000f7f80000,0x00000000fae00000)
 ParOldGen       total 177152K, used 126799K [0x00000000d6000000, 0x00000000e0d00000, 0x00000000f2000000)
  object space 177152K, 71% used [0x00000000d6000000,0x00000000ddbd3e78,0x00000000e0d00000)
 Metaspace       used 15971K, capacity 16508K, committed 16768K, reserved 1062912K
  class space    used 2214K, capacity 2355K, committed 2432K, reserved 1048576K
Event: 175.939 GC heap after
Heap after GC invocations=98 (full 11):
 PSYoungGen      total 145408K, used 38385K [0x00000000f2000000, 0x00000000fdd80000, 0x0000000100000000)
  eden space 97792K, 0% used [0x00000000f2000000,0x00000000f2000000,0x00000000f7f80000)
  from space 47616K, 80% used [0x00000000f7f80000,0x00000000fa4fc700,0x00000000fae00000)
  to   space 46080K, 0% used [0x00000000fb080000,0x00000000fb080000,0x00000000fdd80000)
 ParOldGen       total 177152K, used 126812K [0x00000000d6000000, 0x00000000e0d00000, 0x00000000f2000000)
  object space 177152K, 71% used [0x00000000d6000000,0x00000000ddbd7240,0x00000000e0d00000)
 Metaspace       used 15971K, capacity 16508K, committed 16768K, reserved 1062912K
  class space    used 2214K, capacity 2355K, committed 2432K, reserved 1048576K
}
Event: 176.823 GC heap before
{Heap before GC invocations=99 (full 11):
 PSYoungGen      total 145408K, used 136177K [0x00000000f2000000, 0x00000000fdd80000, 0x0000000100000000)
  eden space 97792K, 100% used [0x00000000f2000000,0x00000000f7f80000,0x00000000f7f80000)
  from space 47616K, 80% used [0x00000000f7f80000,0x00000000fa4fc700,0x00000000fae00000)
  to   space 46080K, 0% used [0x00000000fb080000,0x00000000fb080000,0x00000000fdd80000)
 ParOldGen       total 177152K, used 126812K [0x00000000d6000000, 0x00000000e0d00000, 0x00000000f2000000)
  object space 177152K, 71% used [0x00000000d6000000,0x00000000ddbd7240,0x00000000e0d00000)
 Metaspace       used 15971K, capacity 16508K, committed 16768K, reserved 1062912K
  class space    used 2214K, capacity 2355K, committed 2432K, reserved 1048576K
Event: 176.830 GC heap after
Heap after GC invocations=99 (full 11):
 PSYoungGen      total 143872K, used 19361K [0x00000000f2000000, 0x00000000fdd80000, 0x0000000100000000)
  eden space 97792K, 0% used [0x00000000f2000000,0x00000000f2000000,0x00000000f7f80000)
  from space 46080K, 42% used [0x00000000fb080000,0x00000000fc368600,0x00000000fdd80000)
  to   space 47616K, 0% used [0x00000000f7f80000,0x00000000f7f80000,0x00000000fae00000)
 ParOldGen       total 177152K, used 126825K [0x00000000d6000000, 0x00000000e0d00000, 0x00000000f2000000)
  object space 177152K, 71% used [0x00000000d6000000,0x00000000ddbda608,0x00000000e0d00000)
 Metaspace       used 15971K, capacity 16508K, committed 16768K, reserved 1062912K
  class space    used 2214K, capacity 2355K, committed 2432K, reserved 1048576K
}
Event: 177.628 GC heap before
{Heap before GC invocations=100 (full 11):
 PSYoungGen      total 143872K, used 117153K [0x00000000f2000000, 0x00000000fdd80000, 0x0000000100000000)
  eden space 97792K, 100% used [0x00000000f2000000,0x00000000f7f80000,0x00000000f7f80000)
  from space 46080K, 42% used [0x00000000fb080000,0x00000000fc368600,0x00000000fdd80000)
  to   space 47616K, 0% used [0x00000000f7f80000,0x00000000f7f80000,0x00000000fae00000)
 ParOldGen       total 177152K, used 126825K [0x00000000d6000000, 0x00000000e0d00000, 0x00000000f2000000)
  object space 177152K, 71% used [0x00000000d6000000,0x00000000ddbda608,0x00000000e0d00000)
 Metaspace       used 15971K, capacity 16508K, committed 16768K, reserved 1062912K
  class space    used 2214K, capacity 2355K, committed 2432K, reserved 1048576K
Event: 177.631 GC heap after
Heap after GC invocations=100 (full 11):
 PSYoungGen      total 145408K, used 7008K [0x00000000f2000000, 0x00000000fdd80000, 0x0000000100000000)
  eden space 97792K, 0% used [0x00000000f2000000,0x00000000f2000000,0x00000000f7f80000)
  from space 47616K, 14% used [0x00000000f7f80000,0x00000000f8658000,0x00000000fae00000)
  to   space 46080K, 0% used [0x00000000fb080000,0x00000000fb080000,0x00000000fdd80000)
 ParOldGen       total 177152K, used 126851K [0x00000000d6000000, 0x00000000e0d00000, 0x00000000f2000000)
  object space 177152K, 71% used [0x00000000d6000000,0x00000000ddbe0d98,0x00000000e0d00000)
 Metaspace       used 15971K, capacity 16508K, committed 16768K, reserved 1062912K
  class space    used 2214K, capacity 2355K, committed 2432K, reserved 1048576K
}
Event: 178.205 GC heap before
{Heap before GC invocations=101 (full 11):
 PSYoungGen      total 145408K, used 104800K [0x00000000f2000000, 0x00000000fdd80000, 0x0000000100000000)
  eden space 97792K, 100% used [0x00000000f2000000,0x00000000f7f80000,0x00000000f7f80000)
  from space 47616K, 14% used [0x00000000f7f80000,0x00000000f8658000,0x00000000fae00000)
  to   space 46080K, 0% used [0x00000000fb080000,0x00000000fb080000,0x00000000fdd80000)
 ParOldGen       total 177152K, used 126851K [0x00000000d6000000, 0x00000000e0d00000, 0x00000000f2000000)
  object space 177152K, 71% used [0x00000000d6000000,0x00000000ddbe0d98,0x00000000e0d00000)
 Metaspace       used 15971K, capacity 16508K, committed 16768K, reserved 1062912K
  class space    used 2214K, capacity 2355K, committed 2432K, reserved 1048576K
Event: 178.215 GC heap after
Heap after GC invocations=101 (full 11):
 PSYoungGen      total 143872K, used 28070K [0x00000000f2000000, 0x00000000fdd80000, 0x0000000100000000)
  eden space 97792K, 0% used [0x00000000f2000000,0x00000000f2000000,0x00000000f7f80000)
  from space 46080K, 60% used [0x00000000fb080000,0x00000000fcbe9900,0x00000000fdd80000)
  to   space 47616K, 0% used [0x00000000f7f80000,0x00000000f7f80000,0x00000000fae00000)
 ParOldGen       total 177152K, used 126864K [0x00000000d6000000, 0x00000000e0d00000, 0x00000000f2000000)
  object space 177152K, 71% used [0x00000000d6000000,0x00000000ddbe4160,0x00000000e0d00000)
 Metaspace       used 15971K, capacity 16508K, committed 16768K, reserved 1062912K
  class space    used 2214K, capacity 2355K, committed 2432K, reserved 1048576K
}

